  SubProject.cpp
  SubProjectDlg.cpp
C:\Assignment\SubProject\SubProject\SubProjectDlg.cpp(223,12): warning C4244: '초기화 중': 'double'에서 'int'(으)로 변환하면서 데이터가 손실될 수 있습니다.
C:\Assignment\SubProject\SubProject\SubProjectDlg.cpp(224,12): warning C4244: '초기화 중': 'double'에서 'int'(으)로 변환하면서 데이터가 손실될 수 있습니다.
C:\Assignment\SubProject\SubProject\SubProjectDlg.cpp(242,23): warning C4244: '=': 'double'에서 'float'(으)로 변환하면서 데이터가 손실될 수 있습니다.
C:\Assignment\SubProject\SubProject\SubProjectDlg.cpp(243,23): warning C4244: '=': 'double'에서 'float'(으)로 변환하면서 데이터가 손실될 수 있습니다.
C:\Assignment\SubProject\SubProject\SubProjectDlg.cpp(383,49): warning C4244: '인수': 'float'에서 'int'(으)로 변환하면서 데이터가 손실될 수 있습니다.
C:\Assignment\SubProject\SubProject\SubProjectDlg.cpp(383,17): warning C4244: '인수': 'float'에서 'int'(으)로 변환하면서 데이터가 손실될 수 있습니다.
C:\Assignment\SubProject\SubProject\SubProjectDlg.cpp(384,49): warning C4244: '인수': 'float'에서 'int'(으)로 변환하면서 데이터가 손실될 수 있습니다.
C:\Assignment\SubProject\SubProject\SubProjectDlg.cpp(384,17): warning C4244: '인수': 'float'에서 'int'(으)로 변환하면서 데이터가 손실될 수 있습니다.
C:\Assignment\SubProject\SubProject\SubProjectDlg.cpp(386,49): warning C4244: '인수': 'float'에서 'int'(으)로 변환하면서 데이터가 손실될 수 있습니다.
C:\Assignment\SubProject\SubProject\SubProjectDlg.cpp(386,17): warning C4244: '인수': 'float'에서 'int'(으)로 변환하면서 데이터가 손실될 수 있습니다.
C:\Assignment\SubProject\SubProject\SubProjectDlg.cpp(387,49): warning C4244: '인수': 'float'에서 'int'(으)로 변환하면서 데이터가 손실될 수 있습니다.
C:\Assignment\SubProject\SubProject\SubProjectDlg.cpp(387,17): warning C4244: '인수': 'float'에서 'int'(으)로 변환하면서 데이터가 손실될 수 있습니다.
C:\Assignment\SubProject\SubProject\SubProjectDlg.cpp(394,65): warning C4244: '인수': 'float'에서 'int'(으)로 변환하면서 데이터가 손실될 수 있습니다.
C:\Assignment\SubProject\SubProject\SubProjectDlg.cpp(394,31): warning C4244: '인수': 'float'에서 'int'(으)로 변환하면서 데이터가 손실될 수 있습니다.
C:\Assignment\SubProject\SubProject\SubProjectDlg.cpp(425,39): warning C4244: '인수': 'float'에서 'int'(으)로 변환하면서 데이터가 손실될 수 있습니다.
C:\Assignment\SubProject\SubProject\SubProjectDlg.cpp(425,29): warning C4244: '인수': 'float'에서 'int'(으)로 변환하면서 데이터가 손실될 수 있습니다.
C:\Assignment\SubProject\SubProject\SubProjectDlg.cpp(428,39): warning C4244: '인수': 'float'에서 'int'(으)로 변환하면서 데이터가 손실될 수 있습니다.
C:\Assignment\SubProject\SubProject\SubProjectDlg.cpp(428,29): warning C4244: '인수': 'float'에서 'int'(으)로 변환하면서 데이터가 손실될 수 있습니다.
C:\Assignment\SubProject\SubProject\SubProjectDlg.cpp(431,38): warning C4244: '인수': 'float'에서 'int'(으)로 변환하면서 데이터가 손실될 수 있습니다.
C:\Assignment\SubProject\SubProject\SubProjectDlg.cpp(431,28): warning C4244: '인수': 'float'에서 'int'(으)로 변환하면서 데이터가 손실될 수 있습니다.
C:\Assignment\SubProject\SubProject\SubProjectDlg.cpp(441,21): warning C4244: '인수': 'int'에서 'float'(으)로 변환하면서 데이터가 손실될 수 있습니다.
C:\Assignment\SubProject\SubProject\SubProjectDlg.cpp(441,14): warning C4244: '인수': 'int'에서 'float'(으)로 변환하면서 데이터가 손실될 수 있습니다.
  코드를 생성하고 있습니다...
SubProject.obj : warning LNK4258: '/entry:WinMainCRTStartup' 지시문은 '/ENTRY:wWinMainCRTStartup' 스위치와 호환되지 않습니다. 무시됩니다.
SubProjectDlg.obj : warning LNK4258: '/entry:WinMainCRTStartup' 지시문은 '/ENTRY:wWinMainCRTStartup' 스위치와 호환되지 않습니다. 무시됩니다.
  SubProject.vcxproj -> C:\Assignment\SubProject\x64\Debug\SubProject.exe
